[2026-04-27T10:12:00.525] [INFO] default - Server is running on port 8888
[2026-04-27T11:54:23.923] [INFO] default - Server is running on port 8888
[2026-04-27T11:55:21.416] [INFO] default - GET /players/count
[2026-04-27T11:55:21.423] [INFO] default - GET /time
[2026-04-27T11:55:21.425] [INFO] default - GET /message/log
[2026-04-27T11:55:21.440] [INFO] default - POST /players/range
[2026-04-27T11:55:21.443] [INFO] default - POST /players/query
[2026-04-27T11:55:21.445] [INFO] default - GET /lottery?playerId=1&sessionId=smoke-session
[2026-04-27T11:55:21.452] [INFO] default - GET /lottery?playerId=1&sessionId=smoke-session
[2026-04-27T11:55:21.454] [INFO] default - GET /server-status
[2026-04-27T12:00:54.743] [INFO] default - GET /players/count
[2026-04-27T12:00:54.747] [INFO] default - GET /time
[2026-04-27T12:00:54.748] [INFO] default - GET /message/log
[2026-04-27T12:00:54.750] [INFO] default - POST /players/range
[2026-04-27T12:00:54.751] [INFO] default - POST /players/query
[2026-04-27T12:00:54.752] [INFO] default - GET /lottery?playerId=1&sessionId=smoke-session
[2026-04-27T12:00:54.753] [INFO] default - GET /lottery?playerId=1&sessionId=smoke-session
[2026-04-27T12:00:54.755] [INFO] default - GET /server-status
[2026-04-27T12:17:24.723] [INFO] default - Server is running on port 8888
[2026-04-27T12:17:35.066] [INFO] default - GET /lottery?playerId=1&sessionId=smoke-session
[2026-04-27T12:17:35.119] [INFO] default - GET /lottery?playerId=1&sessionId=smoke-session
[2026-04-27T12:30:24.235] [INFO] default - Server is running on port 8888
[2026-04-27T12:30:24.717] [INFO] default - GET /time
[2026-04-27T12:30:24.735] [INFO] default - GET /api/auth/checkStatus?loginToken=test-login-token
[2026-04-27T12:30:24.737] [INFO] default - GET /lottery
[2026-04-27T12:30:24.745] [INFO] default - GET /lottery
[2026-04-27T12:31:04.261] [INFO] default - Server is running on port 8888
[2026-04-27T12:31:04.772] [INFO] default - GET /time
[2026-04-27T12:31:10.889] [INFO] default - GET /api/auth/checkStatus?loginToken=test-login-token
[2026-04-27T12:31:10.891] [INFO] default - GET /lottery
[2026-04-27T12:31:10.899] [INFO] default - GET /lottery
[2026-04-27T12:34:53.037] [INFO] default - Server is running on port 8888
[2026-04-27T12:34:54.017] [INFO] default - GET /__ready__
[2026-04-27T12:34:54.127] [INFO] default - GET /api/lottery
[2026-04-27T12:34:54.135] [INFO] default - GET /api/lottery
[2026-04-27T12:35:42.554] [INFO] default - Server is running on port 8888
[2026-04-27T12:35:43.487] [INFO] default - GET /__ready__
[2026-04-27T12:35:49.272] [INFO] default - GET /api/lottery
[2026-04-27T12:35:49.282] [INFO] default - GET /api/lottery
[2026-04-27T14:36:11.499] [INFO] default - Server is running on port 8888
[2026-04-27T14:36:19.502] [INFO] default - GET /server-status
[2026-04-27T14:38:29.311] [INFO] default - GET /server-status
[2026-04-27T14:38:33.106] [INFO] default - GET /server-status
[2026-04-27T14:38:33.107] [INFO] default - GET /server-status
[2026-04-27T14:38:40.544] [INFO] default - GET /server-status
[2026-04-27T14:39:11.884] [INFO] default - GET /server-status
[2026-04-27T14:39:29.027] [INFO] default - GET /server-status
[2026-04-27T14:39:37.647] [INFO] default - GET /server-status
[2026-04-27T14:39:37.655] [INFO] default - GET /server-status
[2026-04-27T14:39:39.129] [INFO] default - GET /server-status
[2026-04-27T14:40:18.729] [INFO] default - GET /server-status
[2026-04-27T14:40:20.254] [INFO] default - GET /server-status
[2026-04-27T14:40:38.988] [INFO] default - GET /server-status
[2026-04-27T14:40:45.200] [INFO] default - GET /server-status
[2026-04-27T14:42:54.199] [INFO] default - GET /server-status
[2026-04-27T14:42:54.200] [INFO] default - GET /server-status
[2026-04-27T14:46:48.480] [INFO] default - GET /server-status
[2026-04-27T14:47:08.485] [INFO] default - GET /players/count
[2026-04-27T14:47:08.510] [INFO] default - POST /players/range
[2026-04-27T14:47:12.522] [INFO] default - GET /message/log
[2026-04-27T14:47:19.384] [INFO] default - GET /message/log
[2026-04-27T14:47:19.891] [INFO] default - GET /server-status
[2026-04-27T14:47:20.775] [INFO] default - GET /players/count
[2026-04-27T14:47:20.781] [INFO] default - POST /players/range
[2026-04-27T14:47:21.753] [INFO] default - GET /server-status
[2026-04-27T14:47:22.282] [INFO] default - GET /message/log
[2026-04-27T14:47:27.852] [INFO] default - GET /server-status
[2026-04-27T14:49:43.711] [INFO] default - GET /players/count
[2026-04-27T14:49:43.717] [INFO] default - POST /players/range
[2026-04-27T14:55:16.575] [INFO] default - GET /players/count
[2026-04-27T14:55:16.585] [INFO] default - POST /players/range
[2026-04-27T14:56:08.566] [INFO] default - GET /players/count
[2026-04-27T14:56:08.567] [INFO] default - GET /server-status
[2026-04-27T14:56:08.575] [INFO] default - POST /players/range
[2026-04-27T14:57:19.949] [INFO] default - GET /players/count
[2026-04-27T14:57:19.959] [INFO] default - POST /players/range
[2026-04-27T15:01:38.266] [INFO] default - GET /players/count
[2026-04-27T15:01:38.282] [INFO] default - POST /players/range
[2026-04-27T15:01:39.738] [INFO] default - POST /players/virtual/create
[2026-04-27T15:01:42.899] [INFO] default - GET /players/virtual/create
[2026-04-27T15:02:19.210] [INFO] default - Server is running on port 8888
[2026-04-27T15:02:21.426] [INFO] default - GET /players/count
[2026-04-27T15:02:21.456] [INFO] default - POST /players/range
[2026-04-27T15:02:25.803] [INFO] default - POST /players/virtual/create
[2026-04-27T15:02:25.888] [INFO] default - GET /players/count
[2026-04-27T15:02:25.893] [INFO] default - POST /players/range
[2026-04-27T15:02:32.010] [INFO] default - POST /players/virtual/create
[2026-04-27T15:02:32.084] [INFO] default - GET /players/count
[2026-04-27T15:02:32.090] [INFO] default - POST /players/range
[2026-04-27T15:02:32.487] [INFO] default - POST /players/virtual/create
[2026-04-27T15:02:32.563] [INFO] default - GET /players/count
[2026-04-27T15:02:32.569] [INFO] default - POST /players/range
[2026-04-27T15:02:33.001] [INFO] default - POST /players/virtual/create
[2026-04-27T15:02:33.075] [INFO] default - GET /players/count
[2026-04-27T15:02:33.081] [INFO] default - POST /players/range
[2026-04-27T15:03:00.122] [INFO] default - POST /players/virtual/clear
[2026-04-27T15:03:00.133] [INFO] default - GET /players/count
[2026-04-27T15:03:00.139] [INFO] default - POST /players/range
[2026-04-27T15:03:03.260] [INFO] default - POST /players/virtual/create
[2026-04-27T15:03:03.336] [INFO] default - GET /players/count
[2026-04-27T15:03:03.341] [INFO] default - POST /players/range
[2026-04-27T15:03:03.525] [INFO] default - POST /players/virtual/create
[2026-04-27T15:03:03.601] [INFO] default - GET /players/count
[2026-04-27T15:03:03.607] [INFO] default - POST /players/range
[2026-04-27T15:03:03.701] [INFO] default - POST /players/virtual/create
[2026-04-27T15:03:03.777] [INFO] default - GET /players/count
[2026-04-27T15:03:03.782] [INFO] default - POST /players/range
[2026-04-27T15:03:03.919] [INFO] default - POST /players/virtual/create
[2026-04-27T15:03:03.992] [INFO] default - GET /players/count
[2026-04-27T15:03:03.997] [INFO] default - POST /players/range
[2026-04-27T15:03:04.195] [INFO] default - POST /players/virtual/create
[2026-04-27T15:03:04.269] [INFO] default - GET /players/count
[2026-04-27T15:03:04.275] [INFO] default - POST /players/range
[2026-04-27T15:03:10.467] [INFO] default - POST /players/query
[2026-04-27T15:03:14.175] [INFO] default - POST /players/query
[2026-04-27T15:03:17.627] [INFO] default - GET /players/count
[2026-04-27T15:03:17.633] [INFO] default - POST /players/range
[2026-04-27T15:03:27.197] [INFO] default - POST /players/query
[2026-04-27T15:03:29.585] [INFO] default - GET /players/count
[2026-04-27T15:03:29.591] [INFO] default - POST /players/range
[2026-04-27T15:03:35.339] [INFO] default - POST /players/query
[2026-04-27T15:03:50.300] [INFO] default - POST /players/query
[2026-04-27T15:03:53.032] [INFO] default - POST /players/query
[2026-04-27T15:04:04.693] [INFO] default - GET /players/count
[2026-04-27T15:04:04.725] [INFO] default - POST /players/range
[2026-04-27T15:04:17.285] [INFO] default - GET /server-status
[2026-04-27T15:04:22.831] [INFO] default - GET /players/count
[2026-04-27T15:04:22.849] [INFO] default - POST /players/range
[2026-04-27T15:04:23.168] [INFO] default - GET /message/log
[2026-04-27T15:04:28.811] [INFO] default - GET /players/count
[2026-04-27T15:04:28.817] [INFO] default - POST /players/range
[2026-04-27T15:04:29.776] [INFO] default - GET /server-status
[2026-04-27T15:04:30.403] [INFO] default - GET /message/log
[2026-04-27T15:04:37.662] [INFO] default - GET /server-status
[2026-04-27T15:04:38.059] [INFO] default - GET /players/count
[2026-04-27T15:04:38.065] [INFO] default - POST /players/range
[2026-04-27T15:04:38.556] [INFO] default - GET /message/log
[2026-04-27T15:05:17.373] [INFO] default - GET /server-status
[2026-04-27T15:12:07.916] [INFO] default - GET /server-status
[2026-04-27T15:12:10.094] [INFO] default - GET /message/log
[2026-04-27T15:12:12.364] [INFO] default - GET /players/count
[2026-04-27T15:12:12.370] [INFO] default - POST /players/range
[2026-04-27T15:12:26.513] [INFO] default - GET /players/count
[2026-04-27T15:12:26.774] [INFO] default - POST /players/range
[2026-04-27T15:12:26.821] [INFO] default - GET /server-status
[2026-04-27T15:12:51.183] [INFO] default - GET /players/count
[2026-04-27T15:12:51.494] [INFO] default - POST /players/range
[2026-04-27T15:12:51.757] [INFO] default - GET /message/log
[2026-04-27T15:12:52.689] [INFO] default - GET /players/count
[2026-04-27T15:12:53.004] [INFO] default - POST /players/range
[2026-04-27T15:12:53.518] [INFO] default - GET /message/log
[2026-04-27T15:12:54.983] [INFO] default - GET /players/count
[2026-04-27T15:12:55.246] [INFO] default - POST /players/range
[2026-04-27T15:12:55.293] [INFO] default - GET /server-status
[2026-04-27T15:12:58.240] [INFO] default - GET /server-status
[2026-04-27T15:12:58.303] [INFO] default - GET /server-status
[2026-04-27T15:13:09.775] [INFO] default - GET /server-status
[2026-04-27T15:13:13.222] [INFO] default - GET /message/log
[2026-04-27T15:17:41.453] [INFO] default - Server is running on port 8888
[2026-04-27T15:17:53.918] [INFO] default - GET /message/log
[2026-04-27T15:17:54.896] [INFO] default - GET /players/count
[2026-04-27T15:17:54.914] [INFO] default - POST /players/range
[2026-04-27T15:18:07.782] [INFO] default - POST /auth/register
[2026-04-27T15:18:10.023] [INFO] default - GET /api/lottery
[2026-04-27T15:18:14.939] [INFO] default - GET /api/lottery
[2026-04-27T15:18:15.751] [INFO] default - GET /api/lottery
[2026-04-27T15:18:16.217] [INFO] default - GET /api/lottery
[2026-04-27T15:18:18.839] [INFO] default - GET /message/log
[2026-04-27T15:18:19.342] [INFO] default - GET /api/user/info
[2026-04-27T15:18:21.100] [INFO] default - GET /api/lottery
[2026-04-27T15:18:27.434] [INFO] default - GET /message/log
[2026-04-27T15:18:28.550] [INFO] default - GET /api/user/info
[2026-04-27T15:18:30.230] [INFO] default - GET /players/count
[2026-04-27T15:18:30.236] [INFO] default - POST /players/range
[2026-04-27T15:18:43.099] [INFO] default - GET /api/user/info
[2026-04-27T15:18:44.533] [INFO] default - POST /auth/logout
[2026-04-27T15:18:51.476] [INFO] default - POST /auth/login
[2026-04-27T15:18:51.477] [WARN] default - 用户名或密码错误
[2026-04-27T15:18:57.515] [INFO] default - POST /auth/login
[2026-04-27T15:18:57.516] [WARN] default - 用户名或密码错误
[2026-04-27T15:19:00.582] [INFO] default - POST /auth/login
[2026-04-27T15:19:00.582] [WARN] default - 用户名或密码错误
[2026-04-27T15:19:03.238] [INFO] default - POST /auth/login
[2026-04-27T15:19:03.239] [WARN] default - 用户名或密码错误
[2026-04-27T15:19:04.254] [INFO] default - POST /auth/login
[2026-04-27T15:19:07.951] [INFO] default - GET /api/lottery
[2026-04-27T15:19:11.880] [INFO] default - GET /api/user/info
[2026-04-27T15:19:14.817] [INFO] default - GET /message/log
[2026-04-27T15:19:15.233] [INFO] default - GET /players/count
[2026-04-27T15:19:15.240] [INFO] default - POST /players/range
[2026-04-27T15:19:15.524] [INFO] default - GET /api/user/info
[2026-04-27T15:19:17.090] [INFO] default - GET /server-status
[2026-04-27T15:19:18.084] [INFO] default - GET /players/count
[2026-04-27T15:19:18.090] [INFO] default - POST /players/range
[2026-04-27T15:19:18.334] [INFO] default - GET /message/log
[2026-04-27T15:19:18.602] [INFO] default - GET /api/user/info
[2026-04-27T15:19:19.596] [INFO] default - GET /api/user/info
[2026-04-27T15:19:20.113] [INFO] default - GET /api/user/info
[2026-04-27T15:19:47.779] [INFO] default - GET /api/user/info
[2026-04-27T15:19:47.779] [WARN] default - 未提供 token
[2026-04-27T15:20:22.037] [INFO] default - GET /players/count
[2026-04-27T15:20:22.046] [INFO] default - POST /players/range
[2026-04-27T15:20:24.404] [INFO] default - GET /players/count
[2026-04-27T15:20:24.425] [INFO] default - POST /players/range
[2026-04-27T15:20:25.134] [INFO] default - GET /api/user/info
[2026-04-27T15:20:29.566] [INFO] default - GET /message/log
[2026-04-27T15:20:30.455] [INFO] default - GET /api/user/info
[2026-04-27T15:20:36.625] [INFO] default - GET /api/user/info
[2026-04-27T15:20:36.626] [INFO] default - GET /server-status
[2026-04-27T15:20:37.021] [INFO] default - GET /message/log
[2026-04-27T15:20:37.174] [INFO] default - GET /api/user/info
[2026-04-27T15:20:37.184] [INFO] default - GET /server-status
[2026-04-27T15:20:37.466] [INFO] default - GET /message/log
[2026-04-27T15:20:39.488] [INFO] default - GET /message/log
[2026-04-27T15:20:39.519] [INFO] default - GET /api/user/info
[2026-04-27T15:20:39.519] [INFO] default - GET /server-status
[2026-04-27T15:22:32.613] [INFO] default - GET /api/user/info
[2026-04-27T15:22:32.613] [INFO] default - GET /server-status
[2026-04-27T15:22:32.899] [INFO] default - GET /message/log
[2026-04-27T15:23:22.263] [INFO] default - GET /message/log
[2026-04-27T15:23:22.272] [INFO] default - GET /api/user/info
[2026-04-27T15:23:22.272] [INFO] default - GET /server-status
[2026-04-27T15:24:21.782] [INFO] default - GET /api/user/info
[2026-04-27T15:24:21.791] [INFO] default - GET /server-status
[2026-04-27T15:24:22.069] [INFO] default - GET /message/log
[2026-04-27T15:24:26.805] [INFO] default - GET /message/log
[2026-04-27T15:24:26.814] [INFO] default - GET /api/user/info
[2026-04-27T15:24:26.815] [INFO] default - GET /server-status
[2026-04-27T15:24:35.778] [INFO] default - GET /api/user/info
[2026-04-27T15:24:35.788] [INFO] default - GET /server-status
[2026-04-27T15:24:36.081] [INFO] default - GET /message/log
[2026-04-27T15:25:02.029] [INFO] default - GET /api/lottery
[2026-04-27T15:29:43.622] [INFO] default - GET /api/user/info
[2026-04-27T15:29:43.623] [INFO] default - GET /server-status
[2026-04-27T15:29:43.918] [INFO] default - GET /message/log
[2026-04-27T15:43:34.295] [INFO] default - Server is running on port 8888
[2026-04-27T15:43:51.284] [INFO] default - GET /api/user/info
[2026-04-27T15:43:51.285] [WARN] default - 无效 token 或 token 已过期
[2026-04-27T15:43:57.745] [INFO] default - POST /api/auth/login
[2026-04-27T15:43:57.745] [WARN] default - 密码长度必须在 6 到 72 个字符之间
[2026-04-27T15:43:59.112] [INFO] default - POST /api/auth/login
[2026-04-27T15:44:00.886] [INFO] default - GET /api/lottery/draw
[2026-04-27T15:44:03.463] [INFO] default - GET /api/message/log
[2026-04-27T15:44:03.972] [INFO] default - GET /api/player/count
[2026-04-27T15:44:03.986] [INFO] default - POST /api/player/range
[2026-04-27T15:44:05.092] [INFO] default - GET /api/message/log
[2026-04-27T15:44:05.782] [INFO] default - GET /api/system/server-status
[2026-04-27T15:44:09.240] [INFO] default - GET /api/player/count
[2026-04-27T15:44:09.245] [INFO] default - POST /api/player/range
[2026-04-27T15:44:21.081] [INFO] default - GET /api/system/server-status
[2026-04-27T15:44:25.390] [INFO] default - GET /api/system/server-status
[2026-04-27T15:44:25.921] [INFO] default - GET /api/player/count
[2026-04-27T15:44:25.927] [INFO] default - POST /api/player/range
[2026-04-27T15:44:26.354] [INFO] default - GET /api/message/log
[2026-04-27T15:44:27.485] [INFO] default - GET /api/user/info
[2026-04-27T15:44:28.832] [INFO] default - GET /api/system/server-status
[2026-04-27T15:45:02.978] [INFO] default - GET /api/message/log
[2026-04-27T15:45:33.035] [INFO] default - GET /api/message/log
[2026-04-27T15:45:33.102] [INFO] default - GET /api/system/server-status
[2026-04-27T15:45:33.109] [INFO] default - GET /api/system/server-status
[2026-04-27T15:50:41.137] [INFO] default - GET /api/message/log
[2026-04-27T15:54:11.682] [INFO] default - GET /api/system/server-status
[2026-04-27T15:54:11.683] [INFO] default - GET /api/system/server-status
[2026-04-27T15:54:11.985] [INFO] default - GET /api/message/log
[2026-04-27T16:00:06.456] [INFO] default - GET /api/system/server-status
[2026-04-27T16:00:06.457] [INFO] default - GET /api/system/server-status
[2026-04-27T16:00:06.733] [INFO] default - GET /api/message/log
[2026-04-27T16:00:52.553] [INFO] default - GET /api/message/log
[2026-04-27T16:00:52.564] [INFO] default - GET /api/system/server-status
[2026-04-27T16:00:52.565] [INFO] default - GET /api/system/server-status
[2026-04-27T16:01:45.151] [INFO] default - GET /api/system/server-status
[2026-04-27T16:01:45.152] [INFO] default - GET /api/system/server-status
[2026-04-27T16:01:45.444] [INFO] default - GET /api/message/log
[2026-04-27T16:14:55.813] [INFO] default - Server is running on port 8888
[2026-04-27T16:15:07.296] [INFO] default - GET /api/message/log
[2026-04-27T16:15:08.863] [INFO] default - GET /api/system/server-status
[2026-04-27T16:15:11.055] [INFO] default - GET /api/player/count
[2026-04-27T16:15:11.073] [INFO] default - POST /api/player/range
[2026-04-27T16:15:13.592] [INFO] default - GET /api/message/log
[2026-04-27T16:15:13.773] [INFO] default - GET /api/system/server-status
[2026-04-27T16:15:22.452] [INFO] default - GET /api/system/server-status
[2026-04-27T16:15:23.382] [INFO] default - GET /api/player/count
[2026-04-27T16:15:23.646] [INFO] default - POST /api/player/range
[2026-04-27T16:15:23.693] [INFO] default - GET /api/message/log
[2026-04-27T16:15:34.283] [INFO] default - GET /api/system/server-status
[2026-04-27T16:15:36.176] [INFO] default - GET /api/player/count
[2026-04-27T16:15:36.441] [INFO] default - POST /api/player/range
[2026-04-27T16:15:37.068] [INFO] default - GET /api/system/server-status
[2026-04-27T16:19:22.194] [INFO] default - GET /api/player/count
[2026-04-27T16:19:22.314] [INFO] default - POST /api/player/range
[2026-04-27T16:19:31.247] [INFO] default - GET /api/message/log
[2026-04-27T16:19:46.284] [INFO] default - GET /api/message/log
[2026-04-27T16:20:31.980] [INFO] default - GET /api/message/log
[2026-04-27T16:21:25.017] [INFO] default - GET /api/player/count
[2026-04-27T16:21:25.336] [INFO] default - POST /api/player/range
[2026-04-27T16:38:32.062] [INFO] default - Server is running on port 8888
[2026-04-27T16:38:37.771] [INFO] default - GET /api/system/server-status
[2026-04-27T16:38:39.659] [INFO] default - GET /api/player/count
[2026-04-27T16:38:39.810] [INFO] default - POST /api/player/range
[2026-04-27T16:38:41.385] [INFO] default - GET /api/announcement/list
[2026-04-27T16:38:43.960] [INFO] default - GET /api/help/articles
[2026-04-27T16:42:19.454] [INFO] default - GET /api/system/server-status
[2026-04-27T16:42:19.728] [INFO] default - GET /api/help/articles
[2026-04-27T16:42:30.244] [INFO] default - GET /api/help/articles
[2026-04-27T16:42:47.778] [INFO] default - GET /api/system/server-status
[2026-04-27T16:42:51.155] [INFO] default - GET /api/player/count
[2026-04-27T16:42:51.465] [INFO] default - POST /api/player/range
[2026-04-27T16:42:52.810] [INFO] default - GET /api/system/server-status
[2026-04-27T16:42:56.500] [INFO] default - GET /api/system/server-status
[2026-04-27T16:42:58.792] [INFO] default - GET /api/announcement/list
[2026-04-27T16:43:03.583] [INFO] default - GET /api/system/server-status
[2026-04-27T16:43:16.364] [INFO] default - GET /api/help/articles
[2026-04-27T16:43:53.236] [INFO] default - GET /api/player/count
[2026-04-27T16:43:53.484] [INFO] default - POST /api/player/range
[2026-04-27T16:44:33.244] [INFO] default - GET /api/system/server-status
[2026-04-27T16:44:35.189] [INFO] default - GET /api/announcement/list
[2026-04-27T16:44:35.566] [INFO] default - GET /api/system/server-status
[2026-04-27T16:50:39.151] [INFO] default - GET /api/player/count
[2026-04-27T16:50:39.417] [INFO] default - POST /api/player/range
[2026-04-27T16:51:13.102] [INFO] default - GET /api/help/articles
[2026-04-27T16:51:15.307] [INFO] default - GET /api/announcement/list
[2026-04-27T16:51:24.388] [INFO] default - GET /api/announcement/list
[2026-04-27T16:51:24.395] [INFO] default - GET /api/system/server-status
[2026-04-27T16:58:07.254] [INFO] default - GET /api/system/online-stats
[2026-04-27T16:58:07.256] [INFO] default - GET /api/system/server-status
[2026-04-27T16:58:07.537] [INFO] default - GET /api/announcement/list
[2026-04-27T17:06:14.854] [INFO] default - GET /api/announcement/list
[2026-04-27T17:06:16.224] [INFO] default - GET /api/system/server-status
[2026-04-27T17:06:16.225] [INFO] default - GET /api/system/online-stats
[2026-04-27T17:06:56.118] [INFO] default - GET /api/system/server-status
[2026-04-27T17:06:56.119] [INFO] default - GET /api/system/online-stats
[2026-04-27T17:07:27.132] [INFO] default - GET /api/system/server-status
[2026-04-27T17:07:41.492] [INFO] default - Server is running on port 8888
[2026-04-27T17:07:45.194] [INFO] default - GET /api/system/server-status
[2026-04-27T17:07:45.321] [INFO] default - GET /api/system/online-stats
[2026-04-27T17:08:03.847] [INFO] default - GET /api/player/count
[2026-04-27T17:08:04.175] [INFO] default - POST /api/player/range
[2026-04-27T17:08:16.010] [INFO] default - GET /api/help/articles
[2026-04-27T17:08:32.735] [INFO] default - GET /api/announcement/list
[2026-04-27T17:08:35.751] [INFO] default - GET /api/system/server-status
[2026-04-27T17:08:36.062] [INFO] default - GET /api/system/online-stats
[2026-04-27T17:08:36.592] [INFO] default - GET /api/announcement/list
[2026-04-27T17:08:38.226] [INFO] default - GET /api/system/server-status
[2026-04-27T17:08:38.540] [INFO] default - GET /api/system/online-stats
[2026-04-27T17:08:38.902] [INFO] default - GET /api/player/count
[2026-04-27T17:08:39.214] [INFO] default - POST /api/player/range
[2026-04-27T17:08:39.367] [INFO] default - GET /api/help/articles
[2026-04-27T17:08:40.449] [INFO] default - GET /api/player/count
[2026-04-27T17:08:40.769] [INFO] default - POST /api/player/range
[2026-04-27T17:08:41.223] [INFO] default - GET /api/help/articles
[2026-04-27T17:08:42.029] [INFO] default - GET /api/system/server-status
[2026-04-27T17:08:42.030] [INFO] default - GET /api/system/online-stats
[2026-04-27T17:08:49.387] [INFO] default - GET /api/player/count
[2026-04-27T17:08:49.705] [INFO] default - POST /api/player/range
[2026-04-27T17:08:55.969] [INFO] default - GET /api/help/articles
[2026-04-27T17:10:37.237] [INFO] default - GET /api/system/server-status
[2026-04-27T17:10:37.238] [INFO] default - GET /api/system/online-stats
[2026-04-27T17:10:42.170] [INFO] default - GET /api/announcement/list
[2026-04-27T17:10:49.036] [INFO] default - GET /api/system/server-status
[2026-04-27T17:10:49.037] [INFO] default - GET /api/system/online-stats
[2026-04-27T17:10:49.301] [INFO] default - GET /api/player/count
[2026-04-27T17:10:49.423] [INFO] default - POST /api/player/range
[2026-04-27T17:10:49.610] [INFO] default - GET /api/help/articles
[2026-04-27T17:11:55.244] [INFO] default - GET /api/announcement/list
[2026-04-27T17:11:59.908] [INFO] default - GET /api/system/server-status
[2026-04-27T17:12:00.218] [INFO] default - GET /api/system/online-stats
[2026-04-27T17:12:04.837] [INFO] default - GET /api/player/count
[2026-04-27T17:12:05.104] [INFO] default - POST /api/player/range
[2026-04-27T17:12:11.802] [INFO] default - GET /api/announcement/list
[2026-04-27T17:14:01.190] [INFO] default - GET /api/system/server-status
[2026-04-27T17:14:01.191] [INFO] default - GET /api/system/online-stats
[2026-04-27T17:14:01.330] [INFO] default - GET /api/system/online-stats
[2026-04-27T17:14:01.365] [INFO] default - GET /api/system/server-status
[2026-04-27T17:14:01.494] [INFO] default - GET /api/announcement/list
[2026-04-27T17:14:01.728] [INFO] default - GET /api/announcement/list
[2026-04-27T17:14:09.475] [INFO] default - GET /api/announcement/list
[2026-04-27T17:14:09.484] [INFO] default - GET /api/system/server-status
[2026-04-27T17:14:09.485] [INFO] default - GET /api/system/online-stats
[2026-04-27T17:14:10.770] [INFO] default - GET /api/system/server-status
[2026-04-27T17:14:10.771] [INFO] default - GET /api/system/online-stats
[2026-04-27T17:14:11.000] [INFO] default - GET /api/announcement/list
[2026-04-27T17:14:11.006] [INFO] default - GET /api/system/server-status
[2026-04-27T17:14:11.007] [INFO] default - GET /api/system/online-stats
[2026-04-27T17:14:11.398] [INFO] default - GET /api/announcement/list
[2026-04-27T17:14:11.404] [INFO] default - GET /api/system/server-status
[2026-04-27T17:14:11.405] [INFO] default - GET /api/system/online-stats
[2026-04-27T17:14:11.458] [INFO] default - GET /api/system/server-status
[2026-04-27T17:14:11.460] [INFO] default - GET /api/system/online-stats
[2026-04-27T17:14:11.712] [INFO] default - GET /api/announcement/list
[2026-04-27T17:14:19.246] [INFO] default - GET /api/announcement/list
[2026-04-27T17:16:14.087] [INFO] default - GET /api/system/server-status
[2026-04-27T17:16:14.088] [INFO] default - GET /api/system/online-stats
[2026-04-27T17:16:14.375] [INFO] default - GET /api/announcement/list
[2026-04-27T17:16:14.607] [INFO] default - GET /api/announcement/list
[2026-04-27T17:34:14.038] [INFO] default - Server is running on port 8888
[2026-04-27T17:34:53.796] [INFO] default - GET /api/system/live-recommendations
[2026-04-27T17:35:18.881] [INFO] default - GET /api/system/live-recommendations
[2026-04-27T17:35:25.164] [INFO] default - GET /api/system/live-recommendations
